(0.001) 
            SELECT name, type FROM sqlite_master
            WHERE type in ('table', 'view') AND NOT name='sqlite_sequence'
            ORDER BY name; args=None
(0.001) SELECT "django_migrations"."app", "django_migrations"."name" FROM "django_migrations"; args=()
(0.002) SELECT "users_book"."id", "users_book"."title", "users_book"."author_id", "users_book"."summary", "users_book"."isbn", "users_book"."language_id" FROM "users_book"; args=()
(0.002) SELECT "users_bookinstance"."id", "users_bookinstance"."book_id", "users_bookinstance"."imprint", "users_bookinstance"."due_back", "users_bookinstance"."borrower_id", "users_bookinstance"."status" FROM "users_bookinstance" ORDER BY "users_bookinstance"."due_back" ASC; args=()
(0.002) SELECT "users_author"."id", "users_author"."first_name", "users_author"."last_name", "users_author"."date_of_birth", "users_author"."date_of_death" FROM "users_author" ORDER BY "users_author"."last_name" ASC, "users_author"."first_name" ASC; args=()
(0.000) SELECT "users_author"."id", "users_author"."first_name", "users_author"."last_name", "users_author"."date_of_birth", "users_author"."date_of_death" FROM "users_author" WHERE "users_author"."id" = 1; args=(1,)
(0.020) SELECT "users_author"."id", "users_author"."first_name", "users_author"."last_name", "users_author"."date_of_birth", "users_author"."date_of_death" FROM "users_author" WHERE "users_author"."id" = 1; args=(1,)
(0.003) SELECT "users_author"."id", "users_author"."first_name", "users_author"."last_name", "users_author"."date_of_birth", "users_author"."date_of_death" FROM "users_author" WHERE "users_author"."id" = 1; args=(1,)
(0.000) SELECT "users_author"."id", "users_author"."first_name", "users_author"."last_name", "users_author"."date_of_birth", "users_author"."date_of_death" FROM "users_author" WHERE "users_author"."id" = 2; args=(2,)
"GET /users/api/authors/ HTTP/1.1" 200 185
"GET /users/api/bookinstance/ HTTP/1.1" 200 1031
(1.470) SELECT "users_author"."id", "users_author"."first_name", "users_author"."last_name", "users_author"."date_of_birth", "users_author"."date_of_death" FROM "users_author" WHERE "users_author"."id" = 2; args=(2,)
(0.000) SELECT "users_author"."id", "users_author"."first_name", "users_author"."last_name", "users_author"."date_of_birth", "users_author"."date_of_death" FROM "users_author" WHERE "users_author"."id" = 2; args=(2,)
"GET /users/api/books/ HTTP/1.1" 200 872
"OPTIONS /users/api/signup/ HTTP/1.1" 200 0
(0.001) SELECT (1) AS "a" FROM "users_customuser" WHERE "users_customuser"."username" LIKE 'ross' ESCAPE '\'  LIMIT 1; args=('ross',)
(0.000) SELECT (1) AS "a" FROM "account_emailaddress" WHERE "account_emailaddress"."email" LIKE 'ross@gmail.com' ESCAPE '\'  LIMIT 1; args=('ross@gmail.com',)
(0.000) SELECT (1) AS "a" FROM "users_customuser" WHERE "users_customuser"."email" LIKE 'ross@gmail.com' ESCAPE '\'  LIMIT 1; args=('ross@gmail.com',)
(0.000) BEGIN; args=None
(0.001) INSERT INTO "users_customuser" ("password", "last_login", "username", "email", "is_admin", "is_staff", "first_name", "last_name", "phone", "country", "date_of_birth", "street_address_1", "street_address_2", "city", "state", "zipcode") VALUES ('pbkdf2_sha256$120000$zTX4prIrK8tT$eNlZpCNCiFjGeTJTuw7iK6AIsteXh2ujjsMG3YCumXk=', NULL, 'ross', 'ross@gmail.com', 0, 0, '1', '1', '', '', '', '', '', '', '', ''); args=['pbkdf2_sha256$120000$zTX4prIrK8tT$eNlZpCNCiFjGeTJTuw7iK6AIsteXh2ujjsMG3YCumXk=', None, 'ross', 'ross@gmail.com', False, False, '1', '1', '', '', '', '', '', '', '', '']
(0.001) SELECT (1) AS "a" FROM "account_emailaddress" WHERE "account_emailaddress"."user_id" = 43  LIMIT 1; args=(43,)
(0.001) SELECT (1) AS "a" FROM "account_emailaddress" WHERE "account_emailaddress"."email" LIKE 'ross@gmail.com' ESCAPE '\'  LIMIT 1; args=('ross@gmail.com',)
(0.000) BEGIN; args=None
(0.001) INSERT INTO "account_emailaddress" ("user_id", "email", "verified", "primary") VALUES (43, 'ross@gmail.com', 0, 1); args=[43, 'ross@gmail.com', False, True]
(0.000) BEGIN; args=None
(0.001) UPDATE "users_customuser" SET "password" = 'pbkdf2_sha256$120000$zTX4prIrK8tT$eNlZpCNCiFjGeTJTuw7iK6AIsteXh2ujjsMG3YCumXk=', "last_login" = NULL, "username" = 'ross', "email" = 'ross@gmail.com', "is_admin" = 0, "is_staff" = 0, "first_name" = '1', "last_name" = '1', "phone" = '1', "country" = '1', "date_of_birth" = '1', "street_address_1" = '1', "street_address_2" = '1', "city" = '1', "state" = '1', "zipcode" = '1' WHERE "users_customuser"."id" = 43; args=('pbkdf2_sha256$120000$zTX4prIrK8tT$eNlZpCNCiFjGeTJTuw7iK6AIsteXh2ujjsMG3YCumXk=', 'ross', 'ross@gmail.com', False, False, '1', '1', '1', '1', '1', '1', '1', '1', '1', '1', 43)
(0.000) SELECT "authtoken_token"."key", "authtoken_token"."user_id", "authtoken_token"."created" FROM "authtoken_token" WHERE "authtoken_token"."user_id" = 43; args=(43,)
(0.001) BEGIN; args=None
(0.001) INSERT INTO "authtoken_token" ("key", "user_id", "created") SELECT '6b0b3053a4c77e4675445318b137717c5987d8e7', 43, '2019-02-25 04:41:15.441298'; args=('6b0b3053a4c77e4675445318b137717c5987d8e7', 43, '2019-02-25 04:41:15.441298')
(0.000) SELECT (1) AS "a" FROM "account_emailaddress" WHERE ("account_emailaddress"."user_id" = 43 AND "account_emailaddress"."verified" = 1)  LIMIT 1; args=(43, True)
(0.001) SELECT (1) AS "a" FROM "django_session" WHERE "django_session"."session_key" = 'q6nn8mznk9pu3akx7d7lewiqu4s6j8cx'  LIMIT 1; args=('q6nn8mznk9pu3akx7d7lewiqu4s6j8cx',)
(0.000) BEGIN; args=None
(0.001) INSERT INTO "django_session" ("session_key", "session_data", "expire_date") SELECT 'q6nn8mznk9pu3akx7d7lewiqu4s6j8cx', 'M2Q1ZDIzMmIxZTE1ZjRjNTVjM2Q3NGZlYzA1M2RjODdjNzUxYzNlNDp7ImFjY291bnRfdmVyaWZpZWRfZW1haWwiOm51bGx9', '2019-03-11 04:41:15.503160'; args=('q6nn8mznk9pu3akx7d7lewiqu4s6j8cx', 'M2Q1ZDIzMmIxZTE1ZjRjNTVjM2Q3NGZlYzA1M2RjODdjNzUxYzNlNDp7ImFjY291bnRfdmVyaWZpZWRfZW1haWwiOm51bGx9', '2019-03-11 04:41:15.503160')
(0.000) BEGIN; args=None
(0.001) UPDATE "users_customuser" SET "last_login" = '2019-02-25 04:41:15.573943' WHERE "users_customuser"."id" = 43; args=('2019-02-25 04:41:15.573943', 43)
(0.000) BEGIN; args=None
(0.001) UPDATE "django_session" SET "session_data" = 'ZjNkY2I0ODlhZTg1ZWI5ZWUzMzFlYTVkNTNjNGY0M2RiZDA4YmE1ZTp7ImFjY291bnRfdmVyaWZpZWRfZW1haWwiOm51bGwsIl9hdXRoX3VzZXJfaWQiOiI0MyIsIl9hdXRoX3VzZXJfYmFja2VuZCI6ImRqYW5nby5jb250cmliLmF1dGguYmFja2VuZHMuTW9kZWxCYWNrZW5kIiwiX2F1dGhfdXNlcl9oYXNoIjoiODcwNzIwZDliYjZkMGNjMmUyOGJjNjEyNjMxZDA3Y2M0YThhNWY4NiJ9', "expire_date" = '2019-03-11 04:41:16.036119' WHERE "django_session"."session_key" = 'q6nn8mznk9pu3akx7d7lewiqu4s6j8cx'; args=('ZjNkY2I0ODlhZTg1ZWI5ZWUzMzFlYTVkNTNjNGY0M2RiZDA4YmE1ZTp7ImFjY291bnRfdmVyaWZpZWRfZW1haWwiOm51bGwsIl9hdXRoX3VzZXJfaWQiOiI0MyIsIl9hdXRoX3VzZXJfYmFja2VuZCI6ImRqYW5nby5jb250cmliLmF1dGguYmFja2VuZHMuTW9kZWxCYWNrZW5kIiwiX2F1dGhfdXNlcl9oYXNoIjoiODcwNzIwZDliYjZkMGNjMmUyOGJjNjEyNjMxZDA3Y2M0YThhNWY4NiJ9', '2019-03-11 04:41:16.036119', 'q6nn8mznk9pu3akx7d7lewiqu4s6j8cx')
"POST /users/api/signup/ HTTP/1.1" 201 50
(0.001) SELECT "users_book"."id", "users_book"."title", "users_book"."author_id", "users_book"."summary", "users_book"."isbn", "users_book"."language_id" FROM "users_book"; args=()
(0.004) SELECT "users_author"."id", "users_author"."first_name", "users_author"."last_name", "users_author"."date_of_birth", "users_author"."date_of_death" FROM "users_author" WHERE "users_author"."id" = 1; args=(1,)
(0.076) SELECT "users_author"."id", "users_author"."first_name", "users_author"."last_name", "users_author"."date_of_birth", "users_author"."date_of_death" FROM "users_author" WHERE "users_author"."id" = 1; args=(1,)
(0.081) SELECT "users_author"."id", "users_author"."first_name", "users_author"."last_name", "users_author"."date_of_birth", "users_author"."date_of_death" FROM "users_author" ORDER BY "users_author"."last_name" ASC, "users_author"."first_name" ASC; args=()
(0.001) SELECT "users_author"."id", "users_author"."first_name", "users_author"."last_name", "users_author"."date_of_birth", "users_author"."date_of_death" FROM "users_author" WHERE "users_author"."id" = 1; args=(1,)
(0.003) SELECT "users_bookinstance"."id", "users_bookinstance"."book_id", "users_bookinstance"."imprint", "users_bookinstance"."due_back", "users_bookinstance"."borrower_id", "users_bookinstance"."status" FROM "users_bookinstance" ORDER BY "users_bookinstance"."due_back" ASC; args=()
(0.002) SELECT "users_author"."id", "users_author"."first_name", "users_author"."last_name", "users_author"."date_of_birth", "users_author"."date_of_death" FROM "users_author" WHERE "users_author"."id" = 2; args=(2,)
"GET /users/api/authors/ HTTP/1.1" 200 185
(0.000) SELECT "users_author"."id", "users_author"."first_name", "users_author"."last_name", "users_author"."date_of_birth", "users_author"."date_of_death" FROM "users_author" WHERE "users_author"."id" = 2; args=(2,)
(0.001) SELECT "users_author"."id", "users_author"."first_name", "users_author"."last_name", "users_author"."date_of_birth", "users_author"."date_of_death" FROM "users_author" WHERE "users_author"."id" = 2; args=(2,)
"GET /users/api/bookinstance/ HTTP/1.1" 200 1031
"GET /users/api/books/ HTTP/1.1" 200 872
"GET /users/api/sendemail/?from_email_address=claymore@claymoreusa.com&to_email_address=ross@gmail.com&email_subject=Welcome%20to%20Claymore,%20ross&email_content=You%20have%20successfully%20set%20up%20your%20new%20email%20account:%20ross@gmail.com HTTP/1.1" 200 20
"OPTIONS /users/api/user/ HTTP/1.1" 200 0
(0.001) SELECT "authtoken_token"."key", "authtoken_token"."user_id", "authtoken_token"."created", "users_customuser"."id", "users_customuser"."password", "users_customuser"."last_login", "users_customuser"."username", "users_customuser"."email", "users_customuser"."is_admin", "users_customuser"."is_staff", "users_customuser"."first_name", "users_customuser"."last_name", "users_customuser"."phone", "users_customuser"."country", "users_customuser"."date_of_birth", "users_customuser"."street_address_1", "users_customuser"."street_address_2", "users_customuser"."city", "users_customuser"."state", "users_customuser"."zipcode" FROM "authtoken_token" INNER JOIN "users_customuser" ON ("authtoken_token"."user_id" = "users_customuser"."id") WHERE "authtoken_token"."key" = '6b0b3053a4c77e4675445318b137717c5987d8e7'; args=('6b0b3053a4c77e4675445318b137717c5987d8e7',)
"GET /users/api/user/ HTTP/1.1" 200 214
(0.001) SELECT "authtoken_token"."key", "authtoken_token"."user_id", "authtoken_token"."created", "users_customuser"."id", "users_customuser"."password", "users_customuser"."last_login", "users_customuser"."username", "users_customuser"."email", "users_customuser"."is_admin", "users_customuser"."is_staff", "users_customuser"."first_name", "users_customuser"."last_name", "users_customuser"."phone", "users_customuser"."country", "users_customuser"."date_of_birth", "users_customuser"."street_address_1", "users_customuser"."street_address_2", "users_customuser"."city", "users_customuser"."state", "users_customuser"."zipcode" FROM "authtoken_token" INNER JOIN "users_customuser" ON ("authtoken_token"."user_id" = "users_customuser"."id") WHERE "authtoken_token"."key" = '6b0b3053a4c77e4675445318b137717c5987d8e7'; args=('6b0b3053a4c77e4675445318b137717c5987d8e7',)
"GET /users/api/user/ HTTP/1.1" 200 214
(0.001) SELECT "authtoken_token"."key", "authtoken_token"."user_id", "authtoken_token"."created", "users_customuser"."id", "users_customuser"."password", "users_customuser"."last_login", "users_customuser"."username", "users_customuser"."email", "users_customuser"."is_admin", "users_customuser"."is_staff", "users_customuser"."first_name", "users_customuser"."last_name", "users_customuser"."phone", "users_customuser"."country", "users_customuser"."date_of_birth", "users_customuser"."street_address_1", "users_customuser"."street_address_2", "users_customuser"."city", "users_customuser"."state", "users_customuser"."zipcode" FROM "authtoken_token" INNER JOIN "users_customuser" ON ("authtoken_token"."user_id" = "users_customuser"."id") WHERE "authtoken_token"."key" = '6b0b3053a4c77e4675445318b137717c5987d8e7'; args=('6b0b3053a4c77e4675445318b137717c5987d8e7',)
"GET /users/api/user/ HTTP/1.1" 200 214
(0.001) SELECT "authtoken_token"."key", "authtoken_token"."user_id", "authtoken_token"."created", "users_customuser"."id", "users_customuser"."password", "users_customuser"."last_login", "users_customuser"."username", "users_customuser"."email", "users_customuser"."is_admin", "users_customuser"."is_staff", "users_customuser"."first_name", "users_customuser"."last_name", "users_customuser"."phone", "users_customuser"."country", "users_customuser"."date_of_birth", "users_customuser"."street_address_1", "users_customuser"."street_address_2", "users_customuser"."city", "users_customuser"."state", "users_customuser"."zipcode" FROM "authtoken_token" INNER JOIN "users_customuser" ON ("authtoken_token"."user_id" = "users_customuser"."id") WHERE "authtoken_token"."key" = '6b0b3053a4c77e4675445318b137717c5987d8e7'; args=('6b0b3053a4c77e4675445318b137717c5987d8e7',)
"GET /users/api/user/ HTTP/1.1" 200 214
(0.001) SELECT "authtoken_token"."key", "authtoken_token"."user_id", "authtoken_token"."created", "users_customuser"."id", "users_customuser"."password", "users_customuser"."last_login", "users_customuser"."username", "users_customuser"."email", "users_customuser"."is_admin", "users_customuser"."is_staff", "users_customuser"."first_name", "users_customuser"."last_name", "users_customuser"."phone", "users_customuser"."country", "users_customuser"."date_of_birth", "users_customuser"."street_address_1", "users_customuser"."street_address_2", "users_customuser"."city", "users_customuser"."state", "users_customuser"."zipcode" FROM "authtoken_token" INNER JOIN "users_customuser" ON ("authtoken_token"."user_id" = "users_customuser"."id") WHERE "authtoken_token"."key" = '6b0b3053a4c77e4675445318b137717c5987d8e7'; args=('6b0b3053a4c77e4675445318b137717c5987d8e7',)
(0.000) SELECT (1) AS "a" FROM "users_customuser" WHERE ("users_customuser"."email" = 'ross1@gmail.com' AND NOT ("users_customuser"."id" = 43))  LIMIT 1; args=('ross1@gmail.com', 43)
(0.000) BEGIN; args=None
(0.001) UPDATE "users_customuser" SET "password" = 'pbkdf2_sha256$120000$zTX4prIrK8tT$eNlZpCNCiFjGeTJTuw7iK6AIsteXh2ujjsMG3YCumXk=', "last_login" = '2019-02-25 04:41:15.573943', "username" = 'ross', "email" = 'ross1@gmail.com', "is_admin" = 0, "is_staff" = 0, "first_name" = '1', "last_name" = '1', "phone" = '1', "country" = '1', "date_of_birth" = '1', "street_address_1" = '1', "street_address_2" = '1', "city" = '1', "state" = '1', "zipcode" = '1' WHERE "users_customuser"."id" = 43; args=('pbkdf2_sha256$120000$zTX4prIrK8tT$eNlZpCNCiFjGeTJTuw7iK6AIsteXh2ujjsMG3YCumXk=', '2019-02-25 04:41:15.573943', 'ross', 'ross1@gmail.com', False, False, '1', '1', '1', '1', '1', '1', '1', '1', '1', '1', 43)
"PUT /users/api/user/ HTTP/1.1" 200 215
(0.002) SELECT "authtoken_token"."key", "authtoken_token"."user_id", "authtoken_token"."created", "users_customuser"."id", "users_customuser"."password", "users_customuser"."last_login", "users_customuser"."username", "users_customuser"."email", "users_customuser"."is_admin", "users_customuser"."is_staff", "users_customuser"."first_name", "users_customuser"."last_name", "users_customuser"."phone", "users_customuser"."country", "users_customuser"."date_of_birth", "users_customuser"."street_address_1", "users_customuser"."street_address_2", "users_customuser"."city", "users_customuser"."state", "users_customuser"."zipcode" FROM "authtoken_token" INNER JOIN "users_customuser" ON ("authtoken_token"."user_id" = "users_customuser"."id") WHERE "authtoken_token"."key" = '6b0b3053a4c77e4675445318b137717c5987d8e7'; args=('6b0b3053a4c77e4675445318b137717c5987d8e7',)
"GET /users/api/user/ HTTP/1.1" 200 215
"GET /users/api/sendemail/?from_email_address=claymore@claymoreusa.com&to_email_address=ross@gmail.com&email_subject=Request%20of%20changing%20email%20address&email_content=Your%20new%20Email%20Address%20is:%20ross1@gmail.com HTTP/1.1" 200 20
"GET /users/api/sendemail/?from_email_address=claymore@claymoreusa.com&to_email_address=ross1@gmail.com&email_subject=Request%20of%20changing%20email%20address&email_content=Your%20new%20Email%20Address%20is:%20ross1@gmail.com HTTP/1.1" 200 20
(0.001) SELECT "authtoken_token"."key", "authtoken_token"."user_id", "authtoken_token"."created", "users_customuser"."id", "users_customuser"."password", "users_customuser"."last_login", "users_customuser"."username", "users_customuser"."email", "users_customuser"."is_admin", "users_customuser"."is_staff", "users_customuser"."first_name", "users_customuser"."last_name", "users_customuser"."phone", "users_customuser"."country", "users_customuser"."date_of_birth", "users_customuser"."street_address_1", "users_customuser"."street_address_2", "users_customuser"."city", "users_customuser"."state", "users_customuser"."zipcode" FROM "authtoken_token" INNER JOIN "users_customuser" ON ("authtoken_token"."user_id" = "users_customuser"."id") WHERE "authtoken_token"."key" = '6b0b3053a4c77e4675445318b137717c5987d8e7'; args=('6b0b3053a4c77e4675445318b137717c5987d8e7',)
"GET /users/api/user/ HTTP/1.1" 200 215
(0.001) SELECT "authtoken_token"."key", "authtoken_token"."user_id", "authtoken_token"."created", "users_customuser"."id", "users_customuser"."password", "users_customuser"."last_login", "users_customuser"."username", "users_customuser"."email", "users_customuser"."is_admin", "users_customuser"."is_staff", "users_customuser"."first_name", "users_customuser"."last_name", "users_customuser"."phone", "users_customuser"."country", "users_customuser"."date_of_birth", "users_customuser"."street_address_1", "users_customuser"."street_address_2", "users_customuser"."city", "users_customuser"."state", "users_customuser"."zipcode" FROM "authtoken_token" INNER JOIN "users_customuser" ON ("authtoken_token"."user_id" = "users_customuser"."id") WHERE "authtoken_token"."key" = '6b0b3053a4c77e4675445318b137717c5987d8e7'; args=('6b0b3053a4c77e4675445318b137717c5987d8e7',)
"GET /users/api/user/ HTTP/1.1" 200 215
(0.005) SELECT "users_book"."id", "users_book"."title", "users_book"."author_id", "users_book"."summary", "users_book"."isbn", "users_book"."language_id" FROM "users_book"; args=()
(0.002) SELECT "users_author"."id", "users_author"."first_name", "users_author"."last_name", "users_author"."date_of_birth", "users_author"."date_of_death" FROM "users_author" ORDER BY "users_author"."last_name" ASC, "users_author"."first_name" ASC; args=()
(0.002) SELECT "users_bookinstance"."id", "users_bookinstance"."book_id", "users_bookinstance"."imprint", "users_bookinstance"."due_back", "users_bookinstance"."borrower_id", "users_bookinstance"."status" FROM "users_bookinstance" ORDER BY "users_bookinstance"."due_back" ASC; args=()
(0.001) SELECT "users_author"."id", "users_author"."first_name", "users_author"."last_name", "users_author"."date_of_birth", "users_author"."date_of_death" FROM "users_author" WHERE "users_author"."id" = 1; args=(1,)
(0.004) SELECT "users_author"."id", "users_author"."first_name", "users_author"."last_name", "users_author"."date_of_birth", "users_author"."date_of_death" FROM "users_author" WHERE "users_author"."id" = 1; args=(1,)
(0.001) SELECT "users_author"."id", "users_author"."first_name", "users_author"."last_name", "users_author"."date_of_birth", "users_author"."date_of_death" FROM "users_author" WHERE "users_author"."id" = 1; args=(1,)
"GET /users/api/authors/ HTTP/1.1" 200 185
(0.000) SELECT "users_author"."id", "users_author"."first_name", "users_author"."last_name", "users_author"."date_of_birth", "users_author"."date_of_death" FROM "users_author" WHERE "users_author"."id" = 2; args=(2,)
"GET /users/api/bookinstance/ HTTP/1.1" 200 1031
(0.001) SELECT "users_author"."id", "users_author"."first_name", "users_author"."last_name", "users_author"."date_of_birth", "users_author"."date_of_death" FROM "users_author" WHERE "users_author"."id" = 2; args=(2,)
(0.000) SELECT "users_author"."id", "users_author"."first_name", "users_author"."last_name", "users_author"."date_of_birth", "users_author"."date_of_death" FROM "users_author" WHERE "users_author"."id" = 2; args=(2,)
"GET /users/api/books/ HTTP/1.1" 200 872
(0.001) SELECT "users_book"."id", "users_book"."title", "users_book"."author_id", "users_book"."summary", "users_book"."isbn", "users_book"."language_id" FROM "users_book"; args=()
(0.001) SELECT "users_author"."id", "users_author"."first_name", "users_author"."last_name", "users_author"."date_of_birth", "users_author"."date_of_death" FROM "users_author" ORDER BY "users_author"."last_name" ASC, "users_author"."first_name" ASC; args=()
(0.000) SELECT "users_author"."id", "users_author"."first_name", "users_author"."last_name", "users_author"."date_of_birth", "users_author"."date_of_death" FROM "users_author" WHERE "users_author"."id" = 1; args=(1,)
(0.000) SELECT "users_author"."id", "users_author"."first_name", "users_author"."last_name", "users_author"."date_of_birth", "users_author"."date_of_death" FROM "users_author" WHERE "users_author"."id" = 1; args=(1,)
"GET /users/api/authors/ HTTP/1.1" 200 185
(0.000) SELECT "users_author"."id", "users_author"."first_name", "users_author"."last_name", "users_author"."date_of_birth", "users_author"."date_of_death" FROM "users_author" WHERE "users_author"."id" = 1; args=(1,)
(0.001) SELECT "users_author"."id", "users_author"."first_name", "users_author"."last_name", "users_author"."date_of_birth", "users_author"."date_of_death" FROM "users_author" WHERE "users_author"."id" = 2; args=(2,)
(0.000) SELECT "users_author"."id", "users_author"."first_name", "users_author"."last_name", "users_author"."date_of_birth", "users_author"."date_of_death" FROM "users_author" WHERE "users_author"."id" = 2; args=(2,)
(0.000) SELECT "users_author"."id", "users_author"."first_name", "users_author"."last_name", "users_author"."date_of_birth", "users_author"."date_of_death" FROM "users_author" WHERE "users_author"."id" = 2; args=(2,)
"GET /users/api/books/ HTTP/1.1" 200 872
(0.001) SELECT "users_bookinstance"."id", "users_bookinstance"."book_id", "users_bookinstance"."imprint", "users_bookinstance"."due_back", "users_bookinstance"."borrower_id", "users_bookinstance"."status" FROM "users_bookinstance" ORDER BY "users_bookinstance"."due_back" ASC; args=()
"GET /users/api/bookinstance/ HTTP/1.1" 200 1031
(0.001) SELECT "authtoken_token"."key", "authtoken_token"."user_id", "authtoken_token"."created", "users_customuser"."id", "users_customuser"."password", "users_customuser"."last_login", "users_customuser"."username", "users_customuser"."email", "users_customuser"."is_admin", "users_customuser"."is_staff", "users_customuser"."first_name", "users_customuser"."last_name", "users_customuser"."phone", "users_customuser"."country", "users_customuser"."date_of_birth", "users_customuser"."street_address_1", "users_customuser"."street_address_2", "users_customuser"."city", "users_customuser"."state", "users_customuser"."zipcode" FROM "authtoken_token" INNER JOIN "users_customuser" ON ("authtoken_token"."user_id" = "users_customuser"."id") WHERE "authtoken_token"."key" = '6b0b3053a4c77e4675445318b137717c5987d8e7'; args=('6b0b3053a4c77e4675445318b137717c5987d8e7',)
"GET /users/api/user/ HTTP/1.1" 200 215
(0.004) SELECT "users_book"."id", "users_book"."title", "users_book"."author_id", "users_book"."summary", "users_book"."isbn", "users_book"."language_id" FROM "users_book"; args=()
(0.005) SELECT "users_author"."id", "users_author"."first_name", "users_author"."last_name", "users_author"."date_of_birth", "users_author"."date_of_death" FROM "users_author" ORDER BY "users_author"."last_name" ASC, "users_author"."first_name" ASC; args=()
(0.002) SELECT "users_author"."id", "users_author"."first_name", "users_author"."last_name", "users_author"."date_of_birth", "users_author"."date_of_death" FROM "users_author" WHERE "users_author"."id" = 1; args=(1,)
(0.003) SELECT "users_bookinstance"."id", "users_bookinstance"."book_id", "users_bookinstance"."imprint", "users_bookinstance"."due_back", "users_bookinstance"."borrower_id", "users_bookinstance"."status" FROM "users_bookinstance" ORDER BY "users_bookinstance"."due_back" ASC; args=()
(0.001) SELECT "users_author"."id", "users_author"."first_name", "users_author"."last_name", "users_author"."date_of_birth", "users_author"."date_of_death" FROM "users_author" WHERE "users_author"."id" = 1; args=(1,)
(0.002) SELECT "users_author"."id", "users_author"."first_name", "users_author"."last_name", "users_author"."date_of_birth", "users_author"."date_of_death" FROM "users_author" WHERE "users_author"."id" = 1; args=(1,)
"GET /users/api/authors/ HTTP/1.1" 200 185
(0.001) SELECT "users_author"."id", "users_author"."first_name", "users_author"."last_name", "users_author"."date_of_birth", "users_author"."date_of_death" FROM "users_author" WHERE "users_author"."id" = 2; args=(2,)
"GET /users/api/bookinstance/ HTTP/1.1" 200 1031
(0.002) SELECT "users_author"."id", "users_author"."first_name", "users_author"."last_name", "users_author"."date_of_birth", "users_author"."date_of_death" FROM "users_author" WHERE "users_author"."id" = 2; args=(2,)
(0.000) SELECT "users_author"."id", "users_author"."first_name", "users_author"."last_name", "users_author"."date_of_birth", "users_author"."date_of_death" FROM "users_author" WHERE "users_author"."id" = 2; args=(2,)
"GET /users/api/books/ HTTP/1.1" 200 872
"OPTIONS /rest-auth/login/ HTTP/1.1" 200 0
(0.002) SELECT "users_book"."id", "users_book"."title", "users_book"."author_id", "users_book"."summary", "users_book"."isbn", "users_book"."language_id" FROM "users_book"; args=()
(0.004) SELECT "users_author"."id", "users_author"."first_name", "users_author"."last_name", "users_author"."date_of_birth", "users_author"."date_of_death" FROM "users_author" WHERE "users_author"."id" = 1; args=(1,)
(0.000) SELECT "users_author"."id", "users_author"."first_name", "users_author"."last_name", "users_author"."date_of_birth", "users_author"."date_of_death" FROM "users_author" WHERE "users_author"."id" = 1; args=(1,)
(0.008) SELECT "users_bookinstance"."id", "users_bookinstance"."book_id", "users_bookinstance"."imprint", "users_bookinstance"."due_back", "users_bookinstance"."borrower_id", "users_bookinstance"."status" FROM "users_bookinstance" ORDER BY "users_bookinstance"."due_back" ASC; args=()
(0.007) SELECT "users_author"."id", "users_author"."first_name", "users_author"."last_name", "users_author"."date_of_birth", "users_author"."date_of_death" FROM "users_author" ORDER BY "users_author"."last_name" ASC, "users_author"."first_name" ASC; args=()
(0.002) SELECT "users_customuser"."id", "users_customuser"."password", "users_customuser"."last_login", "users_customuser"."username", "users_customuser"."email", "users_customuser"."is_admin", "users_customuser"."is_staff", "users_customuser"."first_name", "users_customuser"."last_name", "users_customuser"."phone", "users_customuser"."country", "users_customuser"."date_of_birth", "users_customuser"."street_address_1", "users_customuser"."street_address_2", "users_customuser"."city", "users_customuser"."state", "users_customuser"."zipcode" FROM "users_customuser" WHERE "users_customuser"."username" = 'stephen'; args=('stephen',)
(0.004) SELECT "users_author"."id", "users_author"."first_name", "users_author"."last_name", "users_author"."date_of_birth", "users_author"."date_of_death" FROM "users_author" WHERE "users_author"."id" = 1; args=(1,)
"GET /users/api/authors/ HTTP/1.1" 200 185
(0.000) SELECT "users_author"."id", "users_author"."first_name", "users_author"."last_name", "users_author"."date_of_birth", "users_author"."date_of_death" FROM "users_author" WHERE "users_author"."id" = 2; args=(2,)
(0.001) SELECT "users_author"."id", "users_author"."first_name", "users_author"."last_name", "users_author"."date_of_birth", "users_author"."date_of_death" FROM "users_author" WHERE "users_author"."id" = 2; args=(2,)
(0.001) SELECT "users_author"."id", "users_author"."first_name", "users_author"."last_name", "users_author"."date_of_birth", "users_author"."date_of_death" FROM "users_author" WHERE "users_author"."id" = 2; args=(2,)
"GET /users/api/books/ HTTP/1.1" 200 872
"GET /users/api/bookinstance/ HTTP/1.1" 200 1031
Bad Request: /rest-auth/login/
"POST /rest-auth/login/ HTTP/1.1" 400 68
(0.003) SELECT "users_customuser"."id", "users_customuser"."password", "users_customuser"."last_login", "users_customuser"."username", "users_customuser"."email", "users_customuser"."is_admin", "users_customuser"."is_staff", "users_customuser"."first_name", "users_customuser"."last_name", "users_customuser"."phone", "users_customuser"."country", "users_customuser"."date_of_birth", "users_customuser"."street_address_1", "users_customuser"."street_address_2", "users_customuser"."city", "users_customuser"."state", "users_customuser"."zipcode" FROM "users_customuser" WHERE "users_customuser"."username" = 'stephen'; args=('stephen',)
(0.006) SELECT "users_book"."id", "users_book"."title", "users_book"."author_id", "users_book"."summary", "users_book"."isbn", "users_book"."language_id" FROM "users_book"; args=()
(0.001) SELECT "users_author"."id", "users_author"."first_name", "users_author"."last_name", "users_author"."date_of_birth", "users_author"."date_of_death" FROM "users_author" WHERE "users_author"."id" = 1; args=(1,)
(0.002) SELECT "users_author"."id", "users_author"."first_name", "users_author"."last_name", "users_author"."date_of_birth", "users_author"."date_of_death" FROM "users_author" WHERE "users_author"."id" = 1; args=(1,)
(0.004) SELECT "users_author"."id", "users_author"."first_name", "users_author"."last_name", "users_author"."date_of_birth", "users_author"."date_of_death" FROM "users_author" ORDER BY "users_author"."last_name" ASC, "users_author"."first_name" ASC; args=()
(0.005) SELECT "users_bookinstance"."id", "users_bookinstance"."book_id", "users_bookinstance"."imprint", "users_bookinstance"."due_back", "users_bookinstance"."borrower_id", "users_bookinstance"."status" FROM "users_bookinstance" ORDER BY "users_bookinstance"."due_back" ASC; args=()
(0.000) SELECT "users_author"."id", "users_author"."first_name", "users_author"."last_name", "users_author"."date_of_birth", "users_author"."date_of_death" FROM "users_author" WHERE "users_author"."id" = 1; args=(1,)
(0.002) SELECT "users_author"."id", "users_author"."first_name", "users_author"."last_name", "users_author"."date_of_birth", "users_author"."date_of_death" FROM "users_author" WHERE "users_author"."id" = 2; args=(2,)
(0.000) SELECT "users_author"."id", "users_author"."first_name", "users_author"."last_name", "users_author"."date_of_birth", "users_author"."date_of_death" FROM "users_author" WHERE "users_author"."id" = 2; args=(2,)
(0.001) SELECT "users_author"."id", "users_author"."first_name", "users_author"."last_name", "users_author"."date_of_birth", "users_author"."date_of_death" FROM "users_author" WHERE "users_author"."id" = 2; args=(2,)
"GET /users/api/books/ HTTP/1.1" 200 872
"GET /users/api/bookinstance/ HTTP/1.1" 200 1031
"GET /users/api/authors/ HTTP/1.1" 200 185
Bad Request: /rest-auth/login/
"POST /rest-auth/login/ HTTP/1.1" 400 68
(0.001) SELECT "users_customuser"."id", "users_customuser"."password", "users_customuser"."last_login", "users_customuser"."username", "users_customuser"."email", "users_customuser"."is_admin", "users_customuser"."is_staff", "users_customuser"."first_name", "users_customuser"."last_name", "users_customuser"."phone", "users_customuser"."country", "users_customuser"."date_of_birth", "users_customuser"."street_address_1", "users_customuser"."street_address_2", "users_customuser"."city", "users_customuser"."state", "users_customuser"."zipcode" FROM "users_customuser" WHERE "users_customuser"."username" = 'stephen'; args=('stephen',)
(0.003) SELECT "users_author"."id", "users_author"."first_name", "users_author"."last_name", "users_author"."date_of_birth", "users_author"."date_of_death" FROM "users_author" ORDER BY "users_author"."last_name" ASC, "users_author"."first_name" ASC; args=()
(0.003) SELECT "users_book"."id", "users_book"."title", "users_book"."author_id", "users_book"."summary", "users_book"."isbn", "users_book"."language_id" FROM "users_book"; args=()
(0.003) SELECT "users_bookinstance"."id", "users_bookinstance"."book_id", "users_bookinstance"."imprint", "users_bookinstance"."due_back", "users_bookinstance"."borrower_id", "users_bookinstance"."status" FROM "users_bookinstance" ORDER BY "users_bookinstance"."due_back" ASC; args=()
(0.004) SELECT "users_author"."id", "users_author"."first_name", "users_author"."last_name", "users_author"."date_of_birth", "users_author"."date_of_death" FROM "users_author" WHERE "users_author"."id" = 1; args=(1,)
(0.001) SELECT "users_author"."id", "users_author"."first_name", "users_author"."last_name", "users_author"."date_of_birth", "users_author"."date_of_death" FROM "users_author" WHERE "users_author"."id" = 1; args=(1,)
"GET /users/api/bookinstance/ HTTP/1.1" 200 1031
"GET /users/api/authors/ HTTP/1.1" 200 185
(0.002) SELECT "users_author"."id", "users_author"."first_name", "users_author"."last_name", "users_author"."date_of_birth", "users_author"."date_of_death" FROM "users_author" WHERE "users_author"."id" = 1; args=(1,)
(0.000) SELECT "users_author"."id", "users_author"."first_name", "users_author"."last_name", "users_author"."date_of_birth", "users_author"."date_of_death" FROM "users_author" WHERE "users_author"."id" = 2; args=(2,)
(0.000) SELECT "users_author"."id", "users_author"."first_name", "users_author"."last_name", "users_author"."date_of_birth", "users_author"."date_of_death" FROM "users_author" WHERE "users_author"."id" = 2; args=(2,)
(0.001) SELECT "users_author"."id", "users_author"."first_name", "users_author"."last_name", "users_author"."date_of_birth", "users_author"."date_of_death" FROM "users_author" WHERE "users_author"."id" = 2; args=(2,)
"GET /users/api/books/ HTTP/1.1" 200 872
Bad Request: /rest-auth/login/
"POST /rest-auth/login/ HTTP/1.1" 400 68
(0.001) SELECT "users_customuser"."id", "users_customuser"."password", "users_customuser"."last_login", "users_customuser"."username", "users_customuser"."email", "users_customuser"."is_admin", "users_customuser"."is_staff", "users_customuser"."first_name", "users_customuser"."last_name", "users_customuser"."phone", "users_customuser"."country", "users_customuser"."date_of_birth", "users_customuser"."street_address_1", "users_customuser"."street_address_2", "users_customuser"."city", "users_customuser"."state", "users_customuser"."zipcode" FROM "users_customuser" WHERE "users_customuser"."username" = 'stephen'; args=('stephen',)
(0.001) SELECT "users_book"."id", "users_book"."title", "users_book"."author_id", "users_book"."summary", "users_book"."isbn", "users_book"."language_id" FROM "users_book"; args=()
(0.004) SELECT "users_author"."id", "users_author"."first_name", "users_author"."last_name", "users_author"."date_of_birth", "users_author"."date_of_death" FROM "users_author" ORDER BY "users_author"."last_name" ASC, "users_author"."first_name" ASC; args=()
(0.026) SELECT "users_author"."id", "users_author"."first_name", "users_author"."last_name", "users_author"."date_of_birth", "users_author"."date_of_death" FROM "users_author" WHERE "users_author"."id" = 1; args=(1,)
(0.028) SELECT "users_bookinstance"."id", "users_bookinstance"."book_id", "users_bookinstance"."imprint", "users_bookinstance"."due_back", "users_bookinstance"."borrower_id", "users_bookinstance"."status" FROM "users_bookinstance" ORDER BY "users_bookinstance"."due_back" ASC; args=()
(0.001) SELECT "users_author"."id", "users_author"."first_name", "users_author"."last_name", "users_author"."date_of_birth", "users_author"."date_of_death" FROM "users_author" WHERE "users_author"."id" = 1; args=(1,)
(0.000) SELECT "users_author"."id", "users_author"."first_name", "users_author"."last_name", "users_author"."date_of_birth", "users_author"."date_of_death" FROM "users_author" WHERE "users_author"."id" = 1; args=(1,)
(0.001) SELECT "users_author"."id", "users_author"."first_name", "users_author"."last_name", "users_author"."date_of_birth", "users_author"."date_of_death" FROM "users_author" WHERE "users_author"."id" = 2; args=(2,)
"GET /users/api/bookinstance/ HTTP/1.1" 200 1031
(0.001) SELECT "users_author"."id", "users_author"."first_name", "users_author"."last_name", "users_author"."date_of_birth", "users_author"."date_of_death" FROM "users_author" WHERE "users_author"."id" = 2; args=(2,)
"GET /users/api/authors/ HTTP/1.1" 200 185
(0.001) SELECT "users_author"."id", "users_author"."first_name", "users_author"."last_name", "users_author"."date_of_birth", "users_author"."date_of_death" FROM "users_author" WHERE "users_author"."id" = 2; args=(2,)
"GET /users/api/books/ HTTP/1.1" 200 872
Bad Request: /rest-auth/login/
"POST /rest-auth/login/ HTTP/1.1" 400 68
(0.001) SELECT "users_customuser"."id", "users_customuser"."password", "users_customuser"."last_login", "users_customuser"."username", "users_customuser"."email", "users_customuser"."is_admin", "users_customuser"."is_staff", "users_customuser"."first_name", "users_customuser"."last_name", "users_customuser"."phone", "users_customuser"."country", "users_customuser"."date_of_birth", "users_customuser"."street_address_1", "users_customuser"."street_address_2", "users_customuser"."city", "users_customuser"."state", "users_customuser"."zipcode" FROM "users_customuser" WHERE "users_customuser"."username" = 'stephen'; args=('stephen',)
(0.002) SELECT "users_book"."id", "users_book"."title", "users_book"."author_id", "users_book"."summary", "users_book"."isbn", "users_book"."language_id" FROM "users_book"; args=()
(0.004) SELECT "users_author"."id", "users_author"."first_name", "users_author"."last_name", "users_author"."date_of_birth", "users_author"."date_of_death" FROM "users_author" ORDER BY "users_author"."last_name" ASC, "users_author"."first_name" ASC; args=()
(0.003) SELECT "users_author"."id", "users_author"."first_name", "users_author"."last_name", "users_author"."date_of_birth", "users_author"."date_of_death" FROM "users_author" WHERE "users_author"."id" = 1; args=(1,)
(0.003) SELECT "users_bookinstance"."id", "users_bookinstance"."book_id", "users_bookinstance"."imprint", "users_bookinstance"."due_back", "users_bookinstance"."borrower_id", "users_bookinstance"."status" FROM "users_bookinstance" ORDER BY "users_bookinstance"."due_back" ASC; args=()
(0.005) SELECT "users_author"."id", "users_author"."first_name", "users_author"."last_name", "users_author"."date_of_birth", "users_author"."date_of_death" FROM "users_author" WHERE "users_author"."id" = 1; args=(1,)
"GET /users/api/bookinstance/ HTTP/1.1" 200 1031
(0.000) SELECT "users_author"."id", "users_author"."first_name", "users_author"."last_name", "users_author"."date_of_birth", "users_author"."date_of_death" FROM "users_author" WHERE "users_author"."id" = 1; args=(1,)
(0.001) SELECT "users_author"."id", "users_author"."first_name", "users_author"."last_name", "users_author"."date_of_birth", "users_author"."date_of_death" FROM "users_author" WHERE "users_author"."id" = 2; args=(2,)
(0.000) SELECT "users_author"."id", "users_author"."first_name", "users_author"."last_name", "users_author"."date_of_birth", "users_author"."date_of_death" FROM "users_author" WHERE "users_author"."id" = 2; args=(2,)
(0.001) SELECT "users_author"."id", "users_author"."first_name", "users_author"."last_name", "users_author"."date_of_birth", "users_author"."date_of_death" FROM "users_author" WHERE "users_author"."id" = 2; args=(2,)
"GET /users/api/authors/ HTTP/1.1" 200 185
"GET /users/api/books/ HTTP/1.1" 200 872
(0.000) SELECT "authtoken_token"."key", "authtoken_token"."user_id", "authtoken_token"."created" FROM "authtoken_token" WHERE "authtoken_token"."user_id" = 21; args=(21,)
(0.000) SELECT (1) AS "a" FROM "django_session" WHERE "django_session"."session_key" = 'jwft8k0y9m9cdowyytubk5g1d0z4vua3'  LIMIT 1; args=('jwft8k0y9m9cdowyytubk5g1d0z4vua3',)
(0.000) BEGIN; args=None
(0.001) INSERT INTO "django_session" ("session_key", "session_data", "expire_date") SELECT 'jwft8k0y9m9cdowyytubk5g1d0z4vua3', 'ZDkzZDhhNjQ5OTU4ODBlYTI4ZTk4Y2NhNDQ0NzQwNzdkNTYwZmM4ODp7fQ==', '2019-03-11 04:46:22.887508'; args=('jwft8k0y9m9cdowyytubk5g1d0z4vua3', 'ZDkzZDhhNjQ5OTU4ODBlYTI4ZTk4Y2NhNDQ0NzQwNzdkNTYwZmM4ODp7fQ==', '2019-03-11 04:46:22.887508')
(0.001) BEGIN; args=None
(0.001) UPDATE "users_customuser" SET "last_login" = '2019-02-25 04:46:22.977869' WHERE "users_customuser"."id" = 21; args=('2019-02-25 04:46:22.977869', 21)
(0.000) BEGIN; args=None
(0.001) UPDATE "django_session" SET "session_data" = 'NTFmYzEyZTAyNmFlZmE4OGFiZjNmMmM2MTNiY2Y3Y2UxMDhhYzU1Yzp7Il9hdXRoX3VzZXJfaWQiOiIyMSIsIl9hdXRoX3VzZXJfYmFja2VuZCI6ImRqYW5nby5jb250cmliLmF1dGguYmFja2VuZHMuTW9kZWxCYWNrZW5kIiwiX2F1dGhfdXNlcl9oYXNoIjoiNjk3NmQwMDQxMDZjOTRmNmY2MTkzYzgxYmM0YWE2ZjU1OGIyM2M1NiJ9', "expire_date" = '2019-03-11 04:46:23.029476' WHERE "django_session"."session_key" = 'jwft8k0y9m9cdowyytubk5g1d0z4vua3'; args=('NTFmYzEyZTAyNmFlZmE4OGFiZjNmMmM2MTNiY2Y3Y2UxMDhhYzU1Yzp7Il9hdXRoX3VzZXJfaWQiOiIyMSIsIl9hdXRoX3VzZXJfYmFja2VuZCI6ImRqYW5nby5jb250cmliLmF1dGguYmFja2VuZHMuTW9kZWxCYWNrZW5kIiwiX2F1dGhfdXNlcl9oYXNoIjoiNjk3NmQwMDQxMDZjOTRmNmY2MTkzYzgxYmM0YWE2ZjU1OGIyM2M1NiJ9', '2019-03-11 04:46:23.029476', 'jwft8k0y9m9cdowyytubk5g1d0z4vua3')
"POST /rest-auth/login/ HTTP/1.1" 200 50
(0.002) SELECT "authtoken_token"."key", "authtoken_token"."user_id", "authtoken_token"."created", "users_customuser"."id", "users_customuser"."password", "users_customuser"."last_login", "users_customuser"."username", "users_customuser"."email", "users_customuser"."is_admin", "users_customuser"."is_staff", "users_customuser"."first_name", "users_customuser"."last_name", "users_customuser"."phone", "users_customuser"."country", "users_customuser"."date_of_birth", "users_customuser"."street_address_1", "users_customuser"."street_address_2", "users_customuser"."city", "users_customuser"."state", "users_customuser"."zipcode" FROM "authtoken_token" INNER JOIN "users_customuser" ON ("authtoken_token"."user_id" = "users_customuser"."id") WHERE "authtoken_token"."key" = '4f7af01d2a6d2c1998dad1b406a1c1dbdedba570'; args=('4f7af01d2a6d2c1998dad1b406a1c1dbdedba570',)
"GET /users/api/user/ HTTP/1.1" 200 312
(0.002) SELECT "authtoken_token"."key", "authtoken_token"."user_id", "authtoken_token"."created", "users_customuser"."id", "users_customuser"."password", "users_customuser"."last_login", "users_customuser"."username", "users_customuser"."email", "users_customuser"."is_admin", "users_customuser"."is_staff", "users_customuser"."first_name", "users_customuser"."last_name", "users_customuser"."phone", "users_customuser"."country", "users_customuser"."date_of_birth", "users_customuser"."street_address_1", "users_customuser"."street_address_2", "users_customuser"."city", "users_customuser"."state", "users_customuser"."zipcode" FROM "authtoken_token" INNER JOIN "users_customuser" ON ("authtoken_token"."user_id" = "users_customuser"."id") WHERE "authtoken_token"."key" = '4f7af01d2a6d2c1998dad1b406a1c1dbdedba570'; args=('4f7af01d2a6d2c1998dad1b406a1c1dbdedba570',)
"GET /users/api/user/ HTTP/1.1" 200 312
(0.001) SELECT "authtoken_token"."key", "authtoken_token"."user_id", "authtoken_token"."created", "users_customuser"."id", "users_customuser"."password", "users_customuser"."last_login", "users_customuser"."username", "users_customuser"."email", "users_customuser"."is_admin", "users_customuser"."is_staff", "users_customuser"."first_name", "users_customuser"."last_name", "users_customuser"."phone", "users_customuser"."country", "users_customuser"."date_of_birth", "users_customuser"."street_address_1", "users_customuser"."street_address_2", "users_customuser"."city", "users_customuser"."state", "users_customuser"."zipcode" FROM "authtoken_token" INNER JOIN "users_customuser" ON ("authtoken_token"."user_id" = "users_customuser"."id") WHERE "authtoken_token"."key" = '4f7af01d2a6d2c1998dad1b406a1c1dbdedba570'; args=('4f7af01d2a6d2c1998dad1b406a1c1dbdedba570',)
"GET /users/api/user/ HTTP/1.1" 200 312
(0.039) SELECT "authtoken_token"."key", "authtoken_token"."user_id", "authtoken_token"."created", "users_customuser"."id", "users_customuser"."password", "users_customuser"."last_login", "users_customuser"."username", "users_customuser"."email", "users_customuser"."is_admin", "users_customuser"."is_staff", "users_customuser"."first_name", "users_customuser"."last_name", "users_customuser"."phone", "users_customuser"."country", "users_customuser"."date_of_birth", "users_customuser"."street_address_1", "users_customuser"."street_address_2", "users_customuser"."city", "users_customuser"."state", "users_customuser"."zipcode" FROM "authtoken_token" INNER JOIN "users_customuser" ON ("authtoken_token"."user_id" = "users_customuser"."id") WHERE "authtoken_token"."key" = '4f7af01d2a6d2c1998dad1b406a1c1dbdedba570'; args=('4f7af01d2a6d2c1998dad1b406a1c1dbdedba570',)
(0.000) SELECT (1) AS "a" FROM "users_customuser" WHERE ("users_customuser"."email" = 'yikangl1@uci.edu' AND NOT ("users_customuser"."id" = 21))  LIMIT 1; args=('yikangl1@uci.edu', 21)
Bad Request: /users/api/user/
"PUT /users/api/user/ HTTP/1.1" 400 65
(0.001) SELECT "authtoken_token"."key", "authtoken_token"."user_id", "authtoken_token"."created", "users_customuser"."id", "users_customuser"."password", "users_customuser"."last_login", "users_customuser"."username", "users_customuser"."email", "users_customuser"."is_admin", "users_customuser"."is_staff", "users_customuser"."first_name", "users_customuser"."last_name", "users_customuser"."phone", "users_customuser"."country", "users_customuser"."date_of_birth", "users_customuser"."street_address_1", "users_customuser"."street_address_2", "users_customuser"."city", "users_customuser"."state", "users_customuser"."zipcode" FROM "authtoken_token" INNER JOIN "users_customuser" ON ("authtoken_token"."user_id" = "users_customuser"."id") WHERE "authtoken_token"."key" = '4f7af01d2a6d2c1998dad1b406a1c1dbdedba570'; args=('4f7af01d2a6d2c1998dad1b406a1c1dbdedba570',)
"GET /users/api/user/ HTTP/1.1" 200 312
"GET /users/api/sendemail/?from_email_address=claymore@claymoreusa.com&to_email_address=stephenlyk872@gmail.com&email_subject=Request%20of%20changing%20email%20address&email_content=Your%20new%20Email%20Address%20is:%20yikangl1@uci.edu HTTP/1.1" 200 20
"GET /users/api/sendemail/?from_email_address=claymore@claymoreusa.com&to_email_address=yikangl1@uci.edu&email_subject=Request%20of%20changing%20email%20address&email_content=Your%20new%20Email%20Address%20is:%20yikangl1@uci.edu HTTP/1.1" 200 20
(0.002) SELECT "users_book"."id", "users_book"."title", "users_book"."author_id", "users_book"."summary", "users_book"."isbn", "users_book"."language_id" FROM "users_book"; args=()
(0.004) SELECT "users_author"."id", "users_author"."first_name", "users_author"."last_name", "users_author"."date_of_birth", "users_author"."date_of_death" FROM "users_author" ORDER BY "users_author"."last_name" ASC, "users_author"."first_name" ASC; args=()
(0.001) SELECT "users_author"."id", "users_author"."first_name", "users_author"."last_name", "users_author"."date_of_birth", "users_author"."date_of_death" FROM "users_author" WHERE "users_author"."id" = 1; args=(1,)
(0.003) SELECT "users_author"."id", "users_author"."first_name", "users_author"."last_name", "users_author"."date_of_birth", "users_author"."date_of_death" FROM "users_author" WHERE "users_author"."id" = 1; args=(1,)
(0.008) SELECT "users_bookinstance"."id", "users_bookinstance"."book_id", "users_bookinstance"."imprint", "users_bookinstance"."due_back", "users_bookinstance"."borrower_id", "users_bookinstance"."status" FROM "users_bookinstance" ORDER BY "users_bookinstance"."due_back" ASC; args=()
(0.004) SELECT "users_author"."id", "users_author"."first_name", "users_author"."last_name", "users_author"."date_of_birth", "users_author"."date_of_death" FROM "users_author" WHERE "users_author"."id" = 1; args=(1,)
(0.001) SELECT "users_author"."id", "users_author"."first_name", "users_author"."last_name", "users_author"."date_of_birth", "users_author"."date_of_death" FROM "users_author" WHERE "users_author"."id" = 2; args=(2,)
"GET /users/api/bookinstance/ HTTP/1.1" 200 1031
(0.001) SELECT "users_author"."id", "users_author"."first_name", "users_author"."last_name", "users_author"."date_of_birth", "users_author"."date_of_death" FROM "users_author" WHERE "users_author"."id" = 2; args=(2,)
"GET /users/api/authors/ HTTP/1.1" 200 185
(0.001) SELECT "users_author"."id", "users_author"."first_name", "users_author"."last_name", "users_author"."date_of_birth", "users_author"."date_of_death" FROM "users_author" WHERE "users_author"."id" = 2; args=(2,)
"GET /users/api/books/ HTTP/1.1" 200 872
(0.001) SELECT (1) AS "a" FROM "users_customuser" WHERE "users_customuser"."username" LIKE 'david' ESCAPE '\'  LIMIT 1; args=('david',)
(0.000) SELECT (1) AS "a" FROM "account_emailaddress" WHERE "account_emailaddress"."email" LIKE 'yk\_l@hotmail.com' ESCAPE '\'  LIMIT 1; args=('yk\\_l@hotmail.com',)
(0.000) SELECT (1) AS "a" FROM "users_customuser" WHERE "users_customuser"."email" LIKE 'yk\_l@hotmail.com' ESCAPE '\'  LIMIT 1; args=('yk\\_l@hotmail.com',)
(0.000) BEGIN; args=None
(0.014) INSERT INTO "users_customuser" ("password", "last_login", "username", "email", "is_admin", "is_staff", "first_name", "last_name", "phone", "country", "date_of_birth", "street_address_1", "street_address_2", "city", "state", "zipcode") VALUES ('pbkdf2_sha256$120000$HKw7dBacLMDl$KUvWWgPi3bUyuBupSONH0uJtEhfNU8xAhtMQGS08Ej4=', NULL, 'david', 'yk_l@hotmail.com', 0, 0, '1', '1', '', '', '', '', '', '', '', ''); args=['pbkdf2_sha256$120000$HKw7dBacLMDl$KUvWWgPi3bUyuBupSONH0uJtEhfNU8xAhtMQGS08Ej4=', None, 'david', 'yk_l@hotmail.com', False, False, '1', '1', '', '', '', '', '', '', '', '']
(0.000) SELECT (1) AS "a" FROM "account_emailaddress" WHERE "account_emailaddress"."user_id" = 44  LIMIT 1; args=(44,)
(0.000) SELECT (1) AS "a" FROM "account_emailaddress" WHERE "account_emailaddress"."email" LIKE 'yk\_l@hotmail.com' ESCAPE '\'  LIMIT 1; args=('yk\\_l@hotmail.com',)
(0.000) BEGIN; args=None
(0.001) INSERT INTO "account_emailaddress" ("user_id", "email", "verified", "primary") VALUES (44, 'yk_l@hotmail.com', 0, 1); args=[44, 'yk_l@hotmail.com', False, True]
(0.000) BEGIN; args=None
(0.001) UPDATE "users_customuser" SET "password" = 'pbkdf2_sha256$120000$HKw7dBacLMDl$KUvWWgPi3bUyuBupSONH0uJtEhfNU8xAhtMQGS08Ej4=', "last_login" = NULL, "username" = 'david', "email" = 'yk_l@hotmail.com', "is_admin" = 0, "is_staff" = 0, "first_name" = '1', "last_name" = '1', "phone" = '1', "country" = '1', "date_of_birth" = '1', "street_address_1" = '1', "street_address_2" = '1', "city" = '1', "state" = '1', "zipcode" = '1' WHERE "users_customuser"."id" = 44; args=('pbkdf2_sha256$120000$HKw7dBacLMDl$KUvWWgPi3bUyuBupSONH0uJtEhfNU8xAhtMQGS08Ej4=', 'david', 'yk_l@hotmail.com', False, False, '1', '1', '1', '1', '1', '1', '1', '1', '1', '1', 44)
(0.000) SELECT "authtoken_token"."key", "authtoken_token"."user_id", "authtoken_token"."created" FROM "authtoken_token" WHERE "authtoken_token"."user_id" = 44; args=(44,)
(0.000) BEGIN; args=None
(0.001) INSERT INTO "authtoken_token" ("key", "user_id", "created") SELECT 'e72c58e2582f4abe89d592ff19472697e3c64982', 44, '2019-02-25 04:47:44.613621'; args=('e72c58e2582f4abe89d592ff19472697e3c64982', 44, '2019-02-25 04:47:44.613621')
(0.000) SELECT (1) AS "a" FROM "account_emailaddress" WHERE ("account_emailaddress"."user_id" = 44 AND "account_emailaddress"."verified" = 1)  LIMIT 1; args=(44, True)
(0.000) SELECT (1) AS "a" FROM "django_session" WHERE "django_session"."session_key" = 'umiisxje88s43pz97maxlqkz6nbx80p6'  LIMIT 1; args=('umiisxje88s43pz97maxlqkz6nbx80p6',)
(0.000) BEGIN; args=None
(0.000) INSERT INTO "django_session" ("session_key", "session_data", "expire_date") SELECT 'umiisxje88s43pz97maxlqkz6nbx80p6', 'M2Q1ZDIzMmIxZTE1ZjRjNTVjM2Q3NGZlYzA1M2RjODdjNzUxYzNlNDp7ImFjY291bnRfdmVyaWZpZWRfZW1haWwiOm51bGx9', '2019-03-11 04:47:44.665492'; args=('umiisxje88s43pz97maxlqkz6nbx80p6', 'M2Q1ZDIzMmIxZTE1ZjRjNTVjM2Q3NGZlYzA1M2RjODdjNzUxYzNlNDp7ImFjY291bnRfdmVyaWZpZWRfZW1haWwiOm51bGx9', '2019-03-11 04:47:44.665492')
(0.000) BEGIN; args=None
(0.001) UPDATE "users_customuser" SET "last_login" = '2019-02-25 04:47:44.713355' WHERE "users_customuser"."id" = 44; args=('2019-02-25 04:47:44.713355', 44)
(0.000) BEGIN; args=None
(0.001) UPDATE "django_session" SET "session_data" = 'OTI4YTRkODYyM2FiNjY5YjY3MzFmZTgzYjljYjkyMWEzOTVjZTBjMDp7ImFjY291bnRfdmVyaWZpZWRfZW1haWwiOm51bGwsIl9hdXRoX3VzZXJfaWQiOiI0NCIsIl9hdXRoX3VzZXJfYmFja2VuZCI6ImRqYW5nby5jb250cmliLmF1dGguYmFja2VuZHMuTW9kZWxCYWNrZW5kIiwiX2F1dGhfdXNlcl9oYXNoIjoiNzY0MDVhZjMxZTA5MTBjODRmMWU5M2M4MDc2ZDMyMzAzNjllN2QwNSJ9', "expire_date" = '2019-03-11 04:47:44.765215' WHERE "django_session"."session_key" = 'umiisxje88s43pz97maxlqkz6nbx80p6'; args=('OTI4YTRkODYyM2FiNjY5YjY3MzFmZTgzYjljYjkyMWEzOTVjZTBjMDp7ImFjY291bnRfdmVyaWZpZWRfZW1haWwiOm51bGwsIl9hdXRoX3VzZXJfaWQiOiI0NCIsIl9hdXRoX3VzZXJfYmFja2VuZCI6ImRqYW5nby5jb250cmliLmF1dGguYmFja2VuZHMuTW9kZWxCYWNrZW5kIiwiX2F1dGhfdXNlcl9oYXNoIjoiNzY0MDVhZjMxZTA5MTBjODRmMWU5M2M4MDc2ZDMyMzAzNjllN2QwNSJ9', '2019-03-11 04:47:44.765215', 'umiisxje88s43pz97maxlqkz6nbx80p6')
"POST /users/api/signup/ HTTP/1.1" 201 50
(0.002) SELECT "users_book"."id", "users_book"."title", "users_book"."author_id", "users_book"."summary", "users_book"."isbn", "users_book"."language_id" FROM "users_book"; args=()
(0.009) SELECT "users_author"."id", "users_author"."first_name", "users_author"."last_name", "users_author"."date_of_birth", "users_author"."date_of_death" FROM "users_author" ORDER BY "users_author"."last_name" ASC, "users_author"."first_name" ASC; args=()
(0.007) SELECT "users_author"."id", "users_author"."first_name", "users_author"."last_name", "users_author"."date_of_birth", "users_author"."date_of_death" FROM "users_author" WHERE "users_author"."id" = 1; args=(1,)
(0.002) SELECT "users_author"."id", "users_author"."first_name", "users_author"."last_name", "users_author"."date_of_birth", "users_author"."date_of_death" FROM "users_author" WHERE "users_author"."id" = 1; args=(1,)
(0.004) SELECT "users_bookinstance"."id", "users_bookinstance"."book_id", "users_bookinstance"."imprint", "users_bookinstance"."due_back", "users_bookinstance"."borrower_id", "users_bookinstance"."status" FROM "users_bookinstance" ORDER BY "users_bookinstance"."due_back" ASC; args=()
(0.006) SELECT "users_author"."id", "users_author"."first_name", "users_author"."last_name", "users_author"."date_of_birth", "users_author"."date_of_death" FROM "users_author" WHERE "users_author"."id" = 1; args=(1,)
(0.000) SELECT "users_author"."id", "users_author"."first_name", "users_author"."last_name", "users_author"."date_of_birth", "users_author"."date_of_death" FROM "users_author" WHERE "users_author"."id" = 2; args=(2,)
"GET /users/api/authors/ HTTP/1.1" 200 185
"GET /users/api/bookinstance/ HTTP/1.1" 200 1031
(0.000) SELECT "users_author"."id", "users_author"."first_name", "users_author"."last_name", "users_author"."date_of_birth", "users_author"."date_of_death" FROM "users_author" WHERE "users_author"."id" = 2; args=(2,)
(0.000) SELECT "users_author"."id", "users_author"."first_name", "users_author"."last_name", "users_author"."date_of_birth", "users_author"."date_of_death" FROM "users_author" WHERE "users_author"."id" = 2; args=(2,)
"GET /users/api/books/ HTTP/1.1" 200 872
"GET /users/api/sendemail/?from_email_address=claymore@claymoreusa.com&to_email_address=yk_l@hotmail.com&email_subject=Welcome%20to%20Claymore,%20david&email_content=You%20have%20successfully%20set%20up%20your%20new%20email%20account:%20yk_l@hotmail.com HTTP/1.1" 200 20
(0.001) SELECT "authtoken_token"."key", "authtoken_token"."user_id", "authtoken_token"."created", "users_customuser"."id", "users_customuser"."password", "users_customuser"."last_login", "users_customuser"."username", "users_customuser"."email", "users_customuser"."is_admin", "users_customuser"."is_staff", "users_customuser"."first_name", "users_customuser"."last_name", "users_customuser"."phone", "users_customuser"."country", "users_customuser"."date_of_birth", "users_customuser"."street_address_1", "users_customuser"."street_address_2", "users_customuser"."city", "users_customuser"."state", "users_customuser"."zipcode" FROM "authtoken_token" INNER JOIN "users_customuser" ON ("authtoken_token"."user_id" = "users_customuser"."id") WHERE "authtoken_token"."key" = 'e72c58e2582f4abe89d592ff19472697e3c64982'; args=('e72c58e2582f4abe89d592ff19472697e3c64982',)
"GET /users/api/user/ HTTP/1.1" 200 217
(0.006) SELECT "users_book"."id", "users_book"."title", "users_book"."author_id", "users_book"."summary", "users_book"."isbn", "users_book"."language_id" FROM "users_book"; args=()
(0.001) SELECT "users_author"."id", "users_author"."first_name", "users_author"."last_name", "users_author"."date_of_birth", "users_author"."date_of_death" FROM "users_author" WHERE "users_author"."id" = 1; args=(1,)
(0.004) SELECT "users_bookinstance"."id", "users_bookinstance"."book_id", "users_bookinstance"."imprint", "users_bookinstance"."due_back", "users_bookinstance"."borrower_id", "users_bookinstance"."status" FROM "users_bookinstance" ORDER BY "users_bookinstance"."due_back" ASC; args=()
(0.005) SELECT "users_author"."id", "users_author"."first_name", "users_author"."last_name", "users_author"."date_of_birth", "users_author"."date_of_death" FROM "users_author" ORDER BY "users_author"."last_name" ASC, "users_author"."first_name" ASC; args=()
(0.002) SELECT "users_author"."id", "users_author"."first_name", "users_author"."last_name", "users_author"."date_of_birth", "users_author"."date_of_death" FROM "users_author" WHERE "users_author"."id" = 1; args=(1,)
(0.002) SELECT "users_author"."id", "users_author"."first_name", "users_author"."last_name", "users_author"."date_of_birth", "users_author"."date_of_death" FROM "users_author" WHERE "users_author"."id" = 1; args=(1,)
(0.001) SELECT "users_author"."id", "users_author"."first_name", "users_author"."last_name", "users_author"."date_of_birth", "users_author"."date_of_death" FROM "users_author" WHERE "users_author"."id" = 2; args=(2,)
(0.000) SELECT "users_author"."id", "users_author"."first_name", "users_author"."last_name", "users_author"."date_of_birth", "users_author"."date_of_death" FROM "users_author" WHERE "users_author"."id" = 2; args=(2,)
"GET /users/api/bookinstance/ HTTP/1.1" 200 1031
(0.000) SELECT "users_author"."id", "users_author"."first_name", "users_author"."last_name", "users_author"."date_of_birth", "users_author"."date_of_death" FROM "users_author" WHERE "users_author"."id" = 2; args=(2,)
"GET /users/api/authors/ HTTP/1.1" 200 185
"GET /users/api/books/ HTTP/1.1" 200 872
(0.000) SELECT (1) AS "a" FROM "users_customuser" WHERE "users_customuser"."username" LIKE 'tom' ESCAPE '\'  LIMIT 1; args=('tom',)
(0.000) SELECT (1) AS "a" FROM "account_emailaddress" WHERE "account_emailaddress"."email" LIKE 'yikang@claymoreusa.com' ESCAPE '\'  LIMIT 1; args=('yikang@claymoreusa.com',)
(0.000) SELECT (1) AS "a" FROM "users_customuser" WHERE "users_customuser"."email" LIKE 'yikang@claymoreusa.com' ESCAPE '\'  LIMIT 1; args=('yikang@claymoreusa.com',)
Bad Request: /users/api/signup/
"POST /users/api/signup/ HTTP/1.1" 400 62
(0.001) SELECT (1) AS "a" FROM "users_customuser" WHERE "users_customuser"."username" LIKE 'jack' ESCAPE '\'  LIMIT 1; args=('jack',)
(0.000) SELECT (1) AS "a" FROM "account_emailaddress" WHERE "account_emailaddress"."email" LIKE 'yikang@claymoreusa.com' ESCAPE '\'  LIMIT 1; args=('yikang@claymoreusa.com',)
(0.000) SELECT (1) AS "a" FROM "users_customuser" WHERE "users_customuser"."email" LIKE 'yikang@claymoreusa.com' ESCAPE '\'  LIMIT 1; args=('yikang@claymoreusa.com',)
(0.000) BEGIN; args=None
(0.001) INSERT INTO "users_customuser" ("password", "last_login", "username", "email", "is_admin", "is_staff", "first_name", "last_name", "phone", "country", "date_of_birth", "street_address_1", "street_address_2", "city", "state", "zipcode") VALUES ('pbkdf2_sha256$120000$tmIqUuMrgwrI$b/s4UWbxh76Z2hEFolzt0Clt2olR5yJ/qtDLPHyn8PY=', NULL, 'jack', 'yikang@claymoreusa.com', 0, 0, '1', '1', '', '', '', '', '', '', '', ''); args=['pbkdf2_sha256$120000$tmIqUuMrgwrI$b/s4UWbxh76Z2hEFolzt0Clt2olR5yJ/qtDLPHyn8PY=', None, 'jack', 'yikang@claymoreusa.com', False, False, '1', '1', '', '', '', '', '', '', '', '']
(0.000) SELECT (1) AS "a" FROM "account_emailaddress" WHERE "account_emailaddress"."user_id" = 45  LIMIT 1; args=(45,)
(0.000) SELECT (1) AS "a" FROM "account_emailaddress" WHERE "account_emailaddress"."email" LIKE 'yikang@claymoreusa.com' ESCAPE '\'  LIMIT 1; args=('yikang@claymoreusa.com',)
(0.000) BEGIN; args=None
(0.001) INSERT INTO "account_emailaddress" ("user_id", "email", "verified", "primary") VALUES (45, 'yikang@claymoreusa.com', 0, 1); args=[45, 'yikang@claymoreusa.com', False, True]
(0.000) BEGIN; args=None
(0.001) UPDATE "users_customuser" SET "password" = 'pbkdf2_sha256$120000$tmIqUuMrgwrI$b/s4UWbxh76Z2hEFolzt0Clt2olR5yJ/qtDLPHyn8PY=', "last_login" = NULL, "username" = 'jack', "email" = 'yikang@claymoreusa.com', "is_admin" = 0, "is_staff" = 0, "first_name" = '1', "last_name" = '1', "phone" = '1', "country" = '1', "date_of_birth" = '1', "street_address_1" = '1', "street_address_2" = '1', "city" = '1', "state" = '1', "zipcode" = '1' WHERE "users_customuser"."id" = 45; args=('pbkdf2_sha256$120000$tmIqUuMrgwrI$b/s4UWbxh76Z2hEFolzt0Clt2olR5yJ/qtDLPHyn8PY=', 'jack', 'yikang@claymoreusa.com', False, False, '1', '1', '1', '1', '1', '1', '1', '1', '1', '1', 45)
(0.001) SELECT "authtoken_token"."key", "authtoken_token"."user_id", "authtoken_token"."created" FROM "authtoken_token" WHERE "authtoken_token"."user_id" = 45; args=(45,)
(0.000) BEGIN; args=None
(0.001) INSERT INTO "authtoken_token" ("key", "user_id", "created") SELECT 'bb72078932a5b750785fd2e4eaea78a10aeb170b', 45, '2019-02-25 04:49:57.237665'; args=('bb72078932a5b750785fd2e4eaea78a10aeb170b', 45, '2019-02-25 04:49:57.237665')
(0.000) SELECT (1) AS "a" FROM "account_emailaddress" WHERE ("account_emailaddress"."user_id" = 45 AND "account_emailaddress"."verified" = 1)  LIMIT 1; args=(45, True)
(0.000) SELECT (1) AS "a" FROM "django_session" WHERE "django_session"."session_key" = '420leaoj6sx8pjp9vuyxd5uve12bbl8m'  LIMIT 1; args=('420leaoj6sx8pjp9vuyxd5uve12bbl8m',)
(0.000) BEGIN; args=None
(0.002) INSERT INTO "django_session" ("session_key", "session_data", "expire_date") SELECT '420leaoj6sx8pjp9vuyxd5uve12bbl8m', 'M2Q1ZDIzMmIxZTE1ZjRjNTVjM2Q3NGZlYzA1M2RjODdjNzUxYzNlNDp7ImFjY291bnRfdmVyaWZpZWRfZW1haWwiOm51bGx9', '2019-03-11 04:49:57.288603'; args=('420leaoj6sx8pjp9vuyxd5uve12bbl8m', 'M2Q1ZDIzMmIxZTE1ZjRjNTVjM2Q3NGZlYzA1M2RjODdjNzUxYzNlNDp7ImFjY291bnRfdmVyaWZpZWRfZW1haWwiOm51bGx9', '2019-03-11 04:49:57.288603')
(0.001) BEGIN; args=None
(0.001) UPDATE "users_customuser" SET "last_login" = '2019-02-25 04:49:57.348507' WHERE "users_customuser"."id" = 45; args=('2019-02-25 04:49:57.348507', 45)
(0.000) BEGIN; args=None
(0.001) UPDATE "django_session" SET "session_data" = 'ZGFiZGE1NmRlMTBkNGU2ZTQ1MDU4NTc2ZWRlZjk1M2Q4NGU3MGYwMjp7ImFjY291bnRfdmVyaWZpZWRfZW1haWwiOm51bGwsIl9hdXRoX3VzZXJfaWQiOiI0NSIsIl9hdXRoX3VzZXJfYmFja2VuZCI6ImRqYW5nby5jb250cmliLmF1dGguYmFja2VuZHMuTW9kZWxCYWNrZW5kIiwiX2F1dGhfdXNlcl9oYXNoIjoiNjAzZmUwYjM1ZDcyYjQyNGUzYWIwNjY2MTU0MzQ2MDhhMmZiZWQwMyJ9', "expire_date" = '2019-03-11 04:49:57.401545' WHERE "django_session"."session_key" = '420leaoj6sx8pjp9vuyxd5uve12bbl8m'; args=('ZGFiZGE1NmRlMTBkNGU2ZTQ1MDU4NTc2ZWRlZjk1M2Q4NGU3MGYwMjp7ImFjY291bnRfdmVyaWZpZWRfZW1haWwiOm51bGwsIl9hdXRoX3VzZXJfaWQiOiI0NSIsIl9hdXRoX3VzZXJfYmFja2VuZCI6ImRqYW5nby5jb250cmliLmF1dGguYmFja2VuZHMuTW9kZWxCYWNrZW5kIiwiX2F1dGhfdXNlcl9oYXNoIjoiNjAzZmUwYjM1ZDcyYjQyNGUzYWIwNjY2MTU0MzQ2MDhhMmZiZWQwMyJ9', '2019-03-11 04:49:57.401545', '420leaoj6sx8pjp9vuyxd5uve12bbl8m')
"POST /users/api/signup/ HTTP/1.1" 201 50
(0.003) SELECT "users_book"."id", "users_book"."title", "users_book"."author_id", "users_book"."summary", "users_book"."isbn", "users_book"."language_id" FROM "users_book"; args=()
(0.001) SELECT "users_author"."id", "users_author"."first_name", "users_author"."last_name", "users_author"."date_of_birth", "users_author"."date_of_death" FROM "users_author" WHERE "users_author"."id" = 1; args=(1,)
(0.000) SELECT "users_author"."id", "users_author"."first_name", "users_author"."last_name", "users_author"."date_of_birth", "users_author"."date_of_death" FROM "users_author" WHERE "users_author"."id" = 1; args=(1,)
(0.012) SELECT "users_author"."id", "users_author"."first_name", "users_author"."last_name", "users_author"."date_of_birth", "users_author"."date_of_death" FROM "users_author" ORDER BY "users_author"."last_name" ASC, "users_author"."first_name" ASC; args=()
(0.043) SELECT "users_bookinstance"."id", "users_bookinstance"."book_id", "users_bookinstance"."imprint", "users_bookinstance"."due_back", "users_bookinstance"."borrower_id", "users_bookinstance"."status" FROM "users_bookinstance" ORDER BY "users_bookinstance"."due_back" ASC; args=()
(0.044) SELECT "users_author"."id", "users_author"."first_name", "users_author"."last_name", "users_author"."date_of_birth", "users_author"."date_of_death" FROM "users_author" WHERE "users_author"."id" = 1; args=(1,)
(0.001) SELECT "users_author"."id", "users_author"."first_name", "users_author"."last_name", "users_author"."date_of_birth", "users_author"."date_of_death" FROM "users_author" WHERE "users_author"."id" = 2; args=(2,)
"GET /users/api/bookinstance/ HTTP/1.1" 200 1031
(0.001) SELECT "users_author"."id", "users_author"."first_name", "users_author"."last_name", "users_author"."date_of_birth", "users_author"."date_of_death" FROM "users_author" WHERE "users_author"."id" = 2; args=(2,)
"GET /users/api/authors/ HTTP/1.1" 200 185
(0.001) SELECT "users_author"."id", "users_author"."first_name", "users_author"."last_name", "users_author"."date_of_birth", "users_author"."date_of_death" FROM "users_author" WHERE "users_author"."id" = 2; args=(2,)
"GET /users/api/books/ HTTP/1.1" 200 872
"GET /users/api/sendemail/?from_email_address=claymore@claymoreusa.com&to_email_address=yikang@claymoreusa.com&email_subject=Welcome%20to%20Claymore,%20jack&email_content=You%20have%20successfully%20set%20up%20your%20new%20email%20account:%20yikang@claymoreusa.com HTTP/1.1" 200 20
